<?xml version="1.0" encoding="UTF-8" ?>
<testsuite tests="8" failures="1" name="TestSuite" time="16.597" errors="0" skipped="3">
  <properties>
[...]
</properties>
  <testcase classname="com.crmpro.qa.TestCases.ContactsPageTest" name="getValue" time="1.553"/>
  <testcase classname="com.crmpro.qa.TestCases.HomePageTest" name="startBrowser" time="2.856">
    <failure message="
Parameter &apos;Username&apos; is required by @Configuration on method startBrowser but has not been marked @Optional or defined
" type="org.testng.TestNGException">org.testng.TestNGException: 
Parameter &apos;Username&apos; is required by @Configuration on method startBrowser but has not been marked @Optional or defined

	at org.testng.internal.Parameters.createParameters(Parameters.java:155)
	at org.testng.internal.Parameters.createParameters(Parameters.java:355)
	at org.testng.internal.Parameters.createConfigurationParameters(Parameters.java:86)
	at org.testng.internal.Invoker.invokeConfigurations(Invoker.java:199)
	at org.testng.internal.Invoker.invokeConfigurations(Invoker.java:138)
	at org.testng.internal.TestMethodWorker.invokeBeforeClassMethods(TestMethodWorker.java:175)
	at org.testng.internal.TestMethodWorker.run(TestMethodWorker.java:107)
	at org.testng.TestRunner.privateRun(TestRunner.java:767)
	at org.testng.TestRunner.run(TestRunner.java:617)
	at org.testng.SuiteRunner.runTest(SuiteRunner.java:334)
	at org.testng.SuiteRunner.runSequentially(SuiteRunner.java:329)
	at org.testng.SuiteRunner.privateRun(SuiteRunner.java:291)
	at org.testng.SuiteRunner.run(SuiteRunner.java:240)
	at org.testng.SuiteRunnerWorker.runSuite(SuiteRunnerWorker.java:52)
	at org.testng.SuiteRunnerWorker.run(SuiteRunnerWorker.java:86)
	at org.testng.TestNG.runSuitesSequentially(TestNG.java:1198)
	at org.testng.TestNG.runSuitesLocally(TestNG.java:1123)
	at org.testng.TestNG.run(TestNG.java:1031)
	at org.apache.maven.surefire.testng.TestNGExecutor.run(TestNGExecutor.java:77)
	at org.apache.maven.surefire.testng.TestNGDirectoryTestSuite.executeMulti(TestNGDirectoryTestSuite.java:159)
	at org.apache.maven.surefire.testng.TestNGDirectoryTestSuite.execute(TestNGDirectoryTestSuite.java:99)
	at org.apache.maven.surefire.testng.TestNGProvider.invoke(TestNGProvider.java:106)
	at sun.reflect.NativeMethodAccessorImpl.invoke0(Native Method)
	at sun.reflect.NativeMethodAccessorImpl.invoke(Unknown Source)
	at sun.reflect.DelegatingMethodAccessorImpl.invoke(Unknown Source)
	at java.lang.reflect.Method.invoke(Unknown Source)
	at org.apache.maven.surefire.util.ReflectionUtils.invokeMethodWithArray(ReflectionUtils.java:189)
	at org.apache.maven.surefire.booter.ProviderFactory$ProviderProxy.invoke(ProviderFactory.java:165)
	at org.apache.maven.surefire.booter.ProviderFactory.invokeProvider(ProviderFactory.java:85)
	at org.apache.maven.surefire.booter.ForkedBooter.runSuitesInProcess(ForkedBooter.java:115)
	at org.apache.maven.surefire.booter.ForkedBooter.main(ForkedBooter.java:75)
</failure>
    <system-out>Trying to find Element By : By.xpath: //a[contains(@href,&apos;logout&apos;)]
Found Element By : By.xpath: //a[contains(@href,&apos;logout&apos;)]
Trying to click on: [[EdgeDriver: MicrosoftEdge on WINDOWS (2D31AD63-48CC-4B20-AB0F-B19184920003)] -&gt; xpath: //a[contains(@href,&apos;logout&apos;)]]
Clicked on: [[EdgeDriver: MicrosoftEdge on WINDOWS (2D31AD63-48CC-4B20-AB0F-B19184920003)] -&gt; xpath: //a[contains(@href,&apos;logout&apos;)]]
</system-out>
    <system-err>[11:41:59.870] - Stopping server.
</system-err>
  </testcase>
  <testcase classname="com.crmpro.qa.TestCases.HomePageTest" name="verifyHomePageTitle" time="0">
    <skipped/>
  </testcase>
  <testcase classname="com.crmpro.qa.TestCases.LoginPageTest" name="validateLoginPageTitle" time="4.341"/>
  <testcase classname="com.crmpro.qa.TestCases.HomePageTest" name="verifyCRMPROlogoText" time="0.001">
    <skipped/>
  </testcase>
  <testcase classname="com.crmpro.qa.TestCases.HomePageTest" name="logout" time="0.003">
    <skipped/>
  </testcase>
  <testcase classname="com.crmpro.qa.TestCases.LoginPageTest" name="validateLoginPageLOGO" time="0.356"/>
  <testcase classname="com.crmpro.qa.TestCases.LoginPageTest" name="validLogin" time="7.487"/>
</testsuite>