<?xml version="1.0" encoding="UTF-8"?>
<testng-results skipped="2" failed="0" total="6" passed="4">
  <reporter-output>
  </reporter-output>
  <suite name="Command line suite" duration-ms="39609" started-at="2018-11-04T06:11:36Z" finished-at="2018-11-04T06:12:16Z">
    <groups>
      <group name="HomePageTest">
        <method signature="HomePageTest.verifyCRMPROlogoText()[pri:0, instance:com.crmpro.qa.TestCases.HomePageTest@50c87b21]" name="verifyCRMPROlogoText" class="com.crmpro.qa.TestCases.HomePageTest"/>
        <method signature="HomePageTest.verifyHomePageTitle()[pri:0, instance:com.crmpro.qa.TestCases.HomePageTest@50c87b21]" name="verifyHomePageTitle" class="com.crmpro.qa.TestCases.HomePageTest"/>
      </group> <!-- HomePageTest -->
    </groups>
    <test name="Command line test" duration-ms="39609" started-at="2018-11-04T06:11:36Z" finished-at="2018-11-04T06:12:16Z">
      <class name="com.crmpro.qa.TestCases.HomePageTest">
        <test-method status="FAIL" signature="startBrowser(java.lang.String, java.lang.String)[pri:0, instance:com.crmpro.qa.TestCases.HomePageTest@50c87b21]" name="startBrowser" is-config="true" duration-ms="0" started-at="2018-11-04T11:42:00Z" finished-at="2018-11-04T11:42:00Z">
          <exception class="org.testng.TestNGException">
            <message>
              <![CDATA[
Parameter 'Username' is required by @Configuration on method startBrowser but has not been marked @Optional or defined
]]>
            </message>
            <full-stacktrace>
              <![CDATA[org.testng.TestNGException: 
Parameter 'Username' is required by @Configuration on method startBrowser but has not been marked @Optional or defined

	at org.testng.internal.Parameters.createParameters(Parameters.java:155)
	at org.testng.internal.Parameters.createParameters(Parameters.java:355)
	at org.testng.internal.Parameters.createConfigurationParameters(Parameters.java:86)
	at org.testng.internal.Invoker.invokeConfigurations(Invoker.java:199)
	at org.testng.internal.Invoker.invokeConfigurations(Invoker.java:138)
	at org.testng.internal.TestMethodWorker.invokeBeforeClassMethods(TestMethodWorker.java:175)
	at org.testng.internal.TestMethodWorker.run(TestMethodWorker.java:107)
	at org.testng.TestRunner.privateRun(TestRunner.java:767)
	at org.testng.TestRunner.run(TestRunner.java:617)
	at org.testng.SuiteRunner.runTest(SuiteRunner.java:334)
	at org.testng.SuiteRunner.runSequentially(SuiteRunner.java:329)
	at org.testng.SuiteRunner.privateRun(SuiteRunner.java:291)
	at org.testng.SuiteRunner.run(SuiteRunner.java:240)
	at org.testng.SuiteRunnerWorker.runSuite(SuiteRunnerWorker.java:52)
	at org.testng.SuiteRunnerWorker.run(SuiteRunnerWorker.java:86)
	at org.testng.TestNG.runSuitesSequentially(TestNG.java:1198)
	at org.testng.TestNG.runSuitesLocally(TestNG.java:1123)
	at org.testng.TestNG.run(TestNG.java:1031)
	at org.apache.maven.surefire.testng.TestNGExecutor.run(TestNGExecutor.java:77)
	at org.apache.maven.surefire.testng.TestNGDirectoryTestSuite.executeMulti(TestNGDirectoryTestSuite.java:159)
	at org.apache.maven.surefire.testng.TestNGDirectoryTestSuite.execute(TestNGDirectoryTestSuite.java:99)
	at org.apache.maven.surefire.testng.TestNGProvider.invoke(TestNGProvider.java:106)
	at sun.reflect.NativeMethodAccessorImpl.invoke0(Native Method)
	at sun.reflect.NativeMethodAccessorImpl.invoke(Unknown Source)
	at sun.reflect.DelegatingMethodAccessorImpl.invoke(Unknown Source)
	at java.lang.reflect.Method.invoke(Unknown Source)
	at org.apache.maven.surefire.util.ReflectionUtils.invokeMethodWithArray(ReflectionUtils.java:189)
	at org.apache.maven.surefire.booter.ProviderFactory$ProviderProxy.invoke(ProviderFactory.java:165)
	at org.apache.maven.surefire.booter.ProviderFactory.invokeProvider(ProviderFactory.java:85)
	at org.apache.maven.surefire.booter.ForkedBooter.runSuitesInProcess(ForkedBooter.java:115)
	at org.apache.maven.surefire.booter.ForkedBooter.main(ForkedBooter.java:75)
]]>
            </full-stacktrace>
          </exception> <!-- org.testng.TestNGException -->
          <reporter-output>
          </reporter-output>
        </test-method> <!-- startBrowser -->
        <test-method status="SKIP" signature="verifyHomePageTitle()[pri:0, instance:com.crmpro.qa.TestCases.HomePageTest@50c87b21]" name="verifyHomePageTitle" duration-ms="1" started-at="2018-11-04T11:42:00Z" finished-at="2018-11-04T11:42:00Z">
          <reporter-output>
          </reporter-output>
        </test-method> <!-- verifyHomePageTitle -->
        <test-method status="SKIP" signature="verifyCRMPROlogoText()[pri:0, instance:com.crmpro.qa.TestCases.HomePageTest@50c87b21]" name="verifyCRMPROlogoText" duration-ms="1" started-at="2018-11-04T11:42:07Z" finished-at="2018-11-04T11:42:07Z">
          <reporter-output>
          </reporter-output>
        </test-method> <!-- verifyCRMPROlogoText -->
        <test-method status="SKIP" signature="logout()[pri:0, instance:com.crmpro.qa.TestCases.HomePageTest@50c87b21]" name="logout" is-config="true" duration-ms="0" started-at="2018-11-04T11:42:07Z" finished-at="2018-11-04T11:42:07Z">
          <reporter-output>
          </reporter-output>
        </test-method> <!-- logout -->
      </class> <!-- com.crmpro.qa.TestCases.HomePageTest -->
      <class name="com.crmpro.qa.TestCases.LoginPageTest">
        <test-method status="PASS" signature="startBrowser()[pri:0, instance:com.crmpro.qa.TestCases.LoginPageTest@174d20a]" name="startBrowser" is-config="true" duration-ms="3136" started-at="2018-11-04T11:42:00Z" finished-at="2018-11-04T11:42:03Z">
          <reporter-output>
          </reporter-output>
        </test-method> <!-- startBrowser -->
        <test-method status="PASS" signature="validateLoginPageTitle()[pri:0, instance:com.crmpro.qa.TestCases.LoginPageTest@174d20a]" name="validateLoginPageTitle" duration-ms="4350" started-at="2018-11-04T11:42:03Z" finished-at="2018-11-04T11:42:07Z">
          <reporter-output>
          </reporter-output>
        </test-method> <!-- validateLoginPageTitle -->
        <test-method status="PASS" signature="validateLoginPageLOGO()[pri:0, instance:com.crmpro.qa.TestCases.LoginPageTest@174d20a]" name="validateLoginPageLOGO" duration-ms="354" started-at="2018-11-04T11:42:07Z" finished-at="2018-11-04T11:42:08Z">
          <reporter-output>
          </reporter-output>
        </test-method> <!-- validateLoginPageLOGO -->
        <test-method status="PASS" signature="validLogin()[pri:0, instance:com.crmpro.qa.TestCases.LoginPageTest@174d20a]" name="validLogin" duration-ms="7489" started-at="2018-11-04T11:42:08Z" finished-at="2018-11-04T11:42:15Z">
          <reporter-output>
          </reporter-output>
        </test-method> <!-- validLogin -->
        <test-method status="PASS" signature="tearDown()[pri:0, instance:com.crmpro.qa.TestCases.LoginPageTest@174d20a]" name="tearDown" is-config="true" duration-ms="714" started-at="2018-11-04T11:42:15Z" finished-at="2018-11-04T11:42:16Z">
          <reporter-output>
          </reporter-output>
        </test-method> <!-- tearDown -->
      </class> <!-- com.crmpro.qa.TestCases.LoginPageTest -->
      <class name="com.crmpro.qa.TestCases.ContactsPageTest">
        <test-method status="PASS" signature="initializeBrowser()[pri:0, instance:com.crmpro.qa.TestCases.ContactsPageTest@5f375618]" name="initializeBrowser" is-config="true" duration-ms="20682" started-at="2018-11-04T11:41:36Z" finished-at="2018-11-04T11:41:57Z">
          <reporter-output>
          </reporter-output>
        </test-method> <!-- initializeBrowser -->
        <test-method status="PASS" signature="getValue()[pri:0, instance:com.crmpro.qa.TestCases.ContactsPageTest@5f375618]" name="getValue" duration-ms="1552" started-at="2018-11-04T11:41:57Z" finished-at="2018-11-04T11:41:59Z">
          <reporter-output>
          </reporter-output>
        </test-method> <!-- getValue -->
        <test-method status="PASS" signature="tearDown()[pri:0, instance:com.crmpro.qa.TestCases.ContactsPageTest@5f375618]" name="tearDown" is-config="true" duration-ms="1245" started-at="2018-11-04T11:41:59Z" finished-at="2018-11-04T11:42:00Z">
          <reporter-output>
          </reporter-output>
        </test-method> <!-- tearDown -->
      </class> <!-- com.crmpro.qa.TestCases.ContactsPageTest -->
    </test> <!-- Command line test -->
  </suite> <!-- Command line suite -->
</testng-results>
