<?xml version="1.0" encoding="UTF-8"?>
<!-- Generated by org.testng.reporters.JUnitXMLReporter -->
<testsuite hostname="LAPTOP-5PE4UGBV" name="CRMPRO Automation Test" tests="6" failures="0" timestamp="6 Nov 2018 06:07:27 GMT" time="52.602" errors="0">
  <testcase name="verifyHomePageTitle" time="0.205" classname="com.crmpro.qa.TestCases.HomePageTest"/>
  <testcase name="verifyCRMPROlogoText" time="0.319" classname="com.crmpro.qa.TestCases.HomePageTest"/>
  <testcase name="validateLoginPageTitle" time="4.479" classname="com.crmpro.qa.TestCases.LoginPageTest"/>
  <testcase name="validateLoginPageLOGO" time="0.455" classname="com.crmpro.qa.TestCases.LoginPageTest"/>
  <testcase name="validLogin" time="7.624" classname="com.crmpro.qa.TestCases.LoginPageTest"/>
  <testcase name="getValue" time="1.422" classname="com.crmpro.qa.TestCases.ContactsPageTest"/>
</testsuite> <!-- CRMPRO Automation Test -->
