<?xml version="1.0" encoding="UTF-8"?>
<!-- Generated by org.testng.reporters.JUnitXMLReporter -->
<testsuite hostname="LAPTOP-5PE4UGBV" name="CRMPRO Automation Test" tests="6" failures="1" timestamp="4 Nov 2018 06:04:02 GMT" time="57.024" errors="0">
  <testcase name="verifyHomePageTitle" time="0.506" classname="com.crmpro.qa.TestCases.HomePageTest">
    <failure type="junit.framework.ComparisonFailure" message="expected:&amp;lt;CRMPRO[ - CRM software for customer relationship management, sales, and support.]&amp;gt; but was:&amp;lt;CRMPRO[]&amp;gt;">
      <![CDATA[junit.framework.ComparisonFailure: expected:<CRMPRO[ - CRM software for customer relationship management, sales, and support.]> but was:<CRMPRO[]>
	at junit.framework.Assert.assertEquals(Assert.java:85)
	at junit.framework.Assert.assertEquals(Assert.java:91)
	at com.crmpro.qa.TestCases.HomePageTest.verifyHomePageTitle(HomePageTest.java:40)
... Removed 24 stack frames]]>
    </failure>
  </testcase> <!-- verifyHomePageTitle -->
  <testcase name="verifyCRMPROlogoText" time="2.073" classname="com.crmpro.qa.TestCases.HomePageTest"/>
  <testcase name="validateLoginPageTitle" time="4.298" classname="com.crmpro.qa.TestCases.LoginPageTest"/>
  <testcase name="validateLoginPageLOGO" time="0.35" classname="com.crmpro.qa.TestCases.LoginPageTest"/>
  <testcase name="validLogin" time="7.672" classname="com.crmpro.qa.TestCases.LoginPageTest"/>
  <testcase name="getValue" time="1.615" classname="com.crmpro.qa.TestCases.ContactsPageTest"/>
</testsuite> <!-- CRMPRO Automation Test -->
