<?xml version="1.0" encoding="UTF-8"?>
<testng-results skipped="0" failed="0" total="6" passed="6">
  <reporter-output>
  </reporter-output>
  <suite name="CRMPRO-Automatio-SampleSuite" duration-ms="52602" started-at="2018-11-06T06:06:34Z" finished-at="2018-11-06T06:07:27Z">
    <groups>
      <group name="HomePageTest">
        <method signature="HomePageTest.verifyCRMPROlogoText()[pri:0, instance:com.crmpro.qa.TestCases.HomePageTest@6e1ec318]" name="verifyCRMPROlogoText" class="com.crmpro.qa.TestCases.HomePageTest"/>
        <method signature="HomePageTest.verifyHomePageTitle()[pri:0, instance:com.crmpro.qa.TestCases.HomePageTest@6e1ec318]" name="verifyHomePageTitle" class="com.crmpro.qa.TestCases.HomePageTest"/>
      </group> <!-- HomePageTest -->
    </groups>
    <test name="CRMPRO Automation Test" duration-ms="52602" started-at="2018-11-06T06:06:34Z" finished-at="2018-11-06T06:07:27Z">
      <class name="com.crmpro.qa.TestCases.HomePageTest">
        <test-method status="PASS" signature="startBrowser(java.lang.String, java.lang.String)[pri:0, instance:com.crmpro.qa.TestCases.HomePageTest@6e1ec318]" name="startBrowser" is-config="true" duration-ms="13902" started-at="2018-11-06T11:36:34Z" finished-at="2018-11-06T11:36:48Z">
          <params>
            <param index="0">
              <value>
                <![CDATA[rahul_k]]>
              </value>
            </param>
            <param index="1">
              <value>
                <![CDATA[rahulk]]>
              </value>
            </param>
          </params>
          <reporter-output>
          </reporter-output>
        </test-method> <!-- startBrowser -->
        <test-method status="PASS" signature="verifyHomePageTitle()[pri:0, instance:com.crmpro.qa.TestCases.HomePageTest@6e1ec318]" name="verifyHomePageTitle" duration-ms="205" started-at="2018-11-06T11:36:48Z" finished-at="2018-11-06T11:36:48Z">
          <reporter-output>
          </reporter-output>
        </test-method> <!-- verifyHomePageTitle -->
        <test-method status="PASS" signature="verifyCRMPROlogoText()[pri:0, instance:com.crmpro.qa.TestCases.HomePageTest@6e1ec318]" name="verifyCRMPROlogoText" duration-ms="319" started-at="2018-11-06T11:36:48Z" finished-at="2018-11-06T11:36:49Z">
          <reporter-output>
          </reporter-output>
        </test-method> <!-- verifyCRMPROlogoText -->
        <test-method status="PASS" signature="logout()[pri:0, instance:com.crmpro.qa.TestCases.HomePageTest@6e1ec318]" name="logout" is-config="true" duration-ms="1122" started-at="2018-11-06T11:36:49Z" finished-at="2018-11-06T11:36:50Z">
          <reporter-output>
          </reporter-output>
        </test-method> <!-- logout -->
      </class> <!-- com.crmpro.qa.TestCases.HomePageTest -->
      <class name="com.crmpro.qa.TestCases.LoginPageTest">
        <test-method status="PASS" signature="startBrowser()[pri:0, instance:com.crmpro.qa.TestCases.LoginPageTest@73846619]" name="startBrowser" is-config="true" duration-ms="4852" started-at="2018-11-06T11:36:50Z" finished-at="2018-11-06T11:36:55Z">
          <reporter-output>
          </reporter-output>
        </test-method> <!-- startBrowser -->
        <test-method status="PASS" signature="validateLoginPageTitle()[pri:0, instance:com.crmpro.qa.TestCases.LoginPageTest@73846619]" name="validateLoginPageTitle" duration-ms="4479" started-at="2018-11-06T11:36:55Z" finished-at="2018-11-06T11:36:59Z">
          <reporter-output>
          </reporter-output>
        </test-method> <!-- validateLoginPageTitle -->
        <test-method status="PASS" signature="validateLoginPageLOGO()[pri:0, instance:com.crmpro.qa.TestCases.LoginPageTest@73846619]" name="validateLoginPageLOGO" duration-ms="455" started-at="2018-11-06T11:36:59Z" finished-at="2018-11-06T11:37:00Z">
          <reporter-output>
          </reporter-output>
        </test-method> <!-- validateLoginPageLOGO -->
        <test-method status="PASS" signature="validLogin()[pri:0, instance:com.crmpro.qa.TestCases.LoginPageTest@73846619]" name="validLogin" duration-ms="7624" started-at="2018-11-06T11:37:00Z" finished-at="2018-11-06T11:37:07Z">
          <reporter-output>
          </reporter-output>
        </test-method> <!-- validLogin -->
        <test-method status="PASS" signature="tearDown()[pri:0, instance:com.crmpro.qa.TestCases.LoginPageTest@73846619]" name="tearDown" is-config="true" duration-ms="1013" started-at="2018-11-06T11:37:07Z" finished-at="2018-11-06T11:37:08Z">
          <reporter-output>
          </reporter-output>
        </test-method> <!-- tearDown -->
      </class> <!-- com.crmpro.qa.TestCases.LoginPageTest -->
      <class name="com.crmpro.qa.TestCases.ContactsPageTest">
        <test-method status="PASS" signature="initializeBrowser()[pri:0, instance:com.crmpro.qa.TestCases.ContactsPageTest@10bdf5e5]" name="initializeBrowser" is-config="true" duration-ms="15920" started-at="2018-11-06T11:37:08Z" finished-at="2018-11-06T11:37:24Z">
          <reporter-output>
          </reporter-output>
        </test-method> <!-- initializeBrowser -->
        <test-method status="PASS" signature="getValue()[pri:0, instance:com.crmpro.qa.TestCases.ContactsPageTest@10bdf5e5]" name="getValue" duration-ms="1422" started-at="2018-11-06T11:37:24Z" finished-at="2018-11-06T11:37:26Z">
          <reporter-output>
          </reporter-output>
        </test-method> <!-- getValue -->
        <test-method status="PASS" signature="tearDown()[pri:0, instance:com.crmpro.qa.TestCases.ContactsPageTest@10bdf5e5]" name="tearDown" is-config="true" duration-ms="1241" started-at="2018-11-06T11:37:26Z" finished-at="2018-11-06T11:37:27Z">
          <reporter-output>
          </reporter-output>
        </test-method> <!-- tearDown -->
      </class> <!-- com.crmpro.qa.TestCases.ContactsPageTest -->
    </test> <!-- CRMPRO Automation Test -->
  </suite> <!-- CRMPRO-Automatio-SampleSuite -->
</testng-results>
